<?xml version="1.0" encoding="UTF-8"?>
<!-- Generated by org.testng.reporters.JUnitXMLReporter -->
<testsuite hostname="Amol-PC" ignored="0" name="Free CRM App Test Cases" tests="4" failures="0" timestamp="01 Jun 2019 18:08:19 GMT" time="67.691" errors="0">
  <testcase name="loginPageTitleTest" time="0.115" classname="com.crm.qa.testcases.LoginPageTest"/>
  <testcase name="verifyHomePageTitleTest" time="0.035" classname="com.crm.qa.testcases.HomePageTest"/>
  <testcase name="verifyContactPageLable" time="0.088" classname="com.crm.qa.testcases.ContactsPageTest"/>
  <testcase name="verifyLoginLogoTest" time="0.135" classname="com.crm.qa.testcases.LoginPageTest"/>
</testsuite> <!-- Free CRM App Test Cases -->
