<?xml version="1.0" encoding="UTF-8"?>
<!-- Generated by org.testng.reporters.JUnitXMLReporter -->
<testsuite hostname="Amol-PC" ignored="0" name="Default test" tests="4" failures="0" timestamp="31 May 2019 18:32:52 GMT" time="94.721" errors="0">
  <testcase name="verifyHomePageTitleTest" time="0.059" classname="com.crm.qa.testcases.HomePageTest"/>
  <testcase name="verifyUsernameTest" time="0.194" classname="com.crm.qa.testcases.HomePageTest"/>
  <testcase name="verifyContactLink" time="1.799" classname="com.crm.qa.testcases.HomePageTest"/>
  <testcase name="successfulTest" time="1.147" classname="com.crm.qa.testcases.HomePageTest"/>
</testsuite> <!-- Default test -->
