<?xml version="1.0" encoding="UTF-8"?>
<!-- Generated by org.testng.reporters.JUnitXMLReporter -->
<testsuite hostname="Amol-PC" ignored="3" name="Default test" tests="1" failures="0" timestamp="01 Jun 2019 17:38:51 GMT" time="31.226" errors="0">
  <testcase name="createNewContactTest" time="6.748" classname="com.crm.qa.testcases.ContactsPageTest"/>
  <testcase name="selectStatusValueTest" time="0.0" classname="com.crm.qa.testcases.ContactsPageTest">
    <ignored/>
  </testcase> <!-- selectStatusValueTest -->
  <testcase name="verifyContactPageLable" time="0.0" classname="com.crm.qa.testcases.ContactsPageTest">
    <ignored/>
  </testcase> <!-- verifyContactPageLable -->
  <testcase name="selectContactsTest" time="0.0" classname="com.crm.qa.testcases.ContactsPageTest">
    <ignored/>
  </testcase> <!-- selectContactsTest -->
</testsuite> <!-- Default test -->
