<?xml version="1.0" encoding="UTF-8"?>
<testng-results skipped="0" failed="0" ignored="0" total="3" passed="3">
  <reporter-output>
  </reporter-output>
  <suite name="Default suite" duration-ms="45418" started-at="2019-05-21T17:25:14Z" finished-at="2019-05-21T17:25:59Z">
    <groups>
    </groups>
    <test name="Default test" duration-ms="45418" started-at="2019-05-21T17:25:14Z" finished-at="2019-05-21T17:25:59Z">
      <class name="com.crm.qa.testcases.LoginPageTest">
        <test-method status="PASS" signature="setup()[pri:0, instance:com.crm.qa.testcases.LoginPageTest@91161c7]" name="setup" is-config="true" duration-ms="12024" started-at="2019-05-21T17:25:14Z" finished-at="2019-05-21T17:25:26Z">
          <reporter-output>
          </reporter-output>
        </test-method> <!-- setup -->
        <test-method status="PASS" signature="loginPageTitleTest()[pri:1, instance:com.crm.qa.testcases.LoginPageTest@91161c7]" name="loginPageTitleTest" duration-ms="52" started-at="2019-05-21T17:25:26Z" finished-at="2019-05-21T17:25:26Z">
          <reporter-output>
          </reporter-output>
        </test-method> <!-- loginPageTitleTest -->
        <test-method status="PASS" signature="tearDown()[pri:0, instance:com.crm.qa.testcases.LoginPageTest@91161c7]" name="tearDown" is-config="true" duration-ms="833" started-at="2019-05-21T17:25:26Z" finished-at="2019-05-21T17:25:27Z">
          <reporter-output>
          </reporter-output>
        </test-method> <!-- tearDown -->
        <test-method status="PASS" signature="setup()[pri:0, instance:com.crm.qa.testcases.LoginPageTest@91161c7]" name="setup" is-config="true" duration-ms="11426" started-at="2019-05-21T17:25:27Z" finished-at="2019-05-21T17:25:38Z">
          <reporter-output>
          </reporter-output>
        </test-method> <!-- setup -->
        <test-method status="PASS" signature="verifyLoginLogoTest()[pri:2, instance:com.crm.qa.testcases.LoginPageTest@91161c7]" name="verifyLoginLogoTest" duration-ms="137" started-at="2019-05-21T17:25:38Z" finished-at="2019-05-21T17:25:39Z">
          <reporter-output>
          </reporter-output>
        </test-method> <!-- verifyLoginLogoTest -->
        <test-method status="PASS" signature="tearDown()[pri:0, instance:com.crm.qa.testcases.LoginPageTest@91161c7]" name="tearDown" is-config="true" duration-ms="819" started-at="2019-05-21T17:25:39Z" finished-at="2019-05-21T17:25:39Z">
          <reporter-output>
          </reporter-output>
        </test-method> <!-- tearDown -->
        <test-method status="PASS" signature="setup()[pri:0, instance:com.crm.qa.testcases.LoginPageTest@91161c7]" name="setup" is-config="true" duration-ms="9644" started-at="2019-05-21T17:25:39Z" finished-at="2019-05-21T17:25:49Z">
          <reporter-output>
          </reporter-output>
        </test-method> <!-- setup -->
        <test-method status="PASS" signature="loginTest()[pri:3, instance:com.crm.qa.testcases.LoginPageTest@91161c7]" name="loginTest" duration-ms="9607" started-at="2019-05-21T17:25:49Z" finished-at="2019-05-21T17:25:59Z">
          <reporter-output>
          </reporter-output>
        </test-method> <!-- loginTest -->
        <test-method status="PASS" signature="tearDown()[pri:0, instance:com.crm.qa.testcases.LoginPageTest@91161c7]" name="tearDown" is-config="true" duration-ms="824" started-at="2019-05-21T17:25:59Z" finished-at="2019-05-21T17:25:59Z">
          <reporter-output>
          </reporter-output>
        </test-method> <!-- tearDown -->
      </class> <!-- com.crm.qa.testcases.LoginPageTest -->
    </test> <!-- Default test -->
  </suite> <!-- Default suite -->
</testng-results>
